<?xml version="1.0" encoding="UTF-8" ?>
<testsuite failures="0" time="0.009" errors="0" skipped="0" tests="1" name="tu.spacebased.bsp1.AppTest">
  <properties>
    <property name="java.runtime.name" value="OpenJDK Runtime Environment"/>
    <property name="sun.boot.library.path" value="/usr/lib/jvm/java-1.6.0-openjdk-1.6.0.0.x86_64/jre/lib/amd64"/>
    <property name="java.vm.version" value="20.0-b11"/>
    <property name="java.vm.vendor" value="Sun Microsystems Inc."/>
    <property name="java.vendor.url" value="http://java.sun.com/"/>
    <property name="path.separator" value=":"/>
    <property name="java.vm.name" value="OpenJDK 64-Bit Server VM"/>
    <property name="file.encoding.pkg" value="sun.io"/>
    <property name="user.country" value="US"/>
    <property name="sun.java.launcher" value="SUN_STANDARD"/>
    <property name="sun.os.patch.level" value="unknown"/>
    <property name="java.vm.specification.name" value="Java Virtual Machine Specification"/>
    <property name="user.dir" value="/home/philipp/workspace/space-based-computing/spacebsp1_alt"/>
    <property name="java.runtime.version" value="1.6.0_22-b22"/>
    <property name="java.awt.graphicsenv" value="sun.awt.X11GraphicsEnvironment"/>
    <property name="basedir" value="/home/philipp/workspace/space-based-computing/spacebsp1_alt"/>
    <property name="java.endorsed.dirs" value="/usr/lib/jvm/java-1.6.0-openjdk-1.6.0.0.x86_64/jre/lib/endorsed"/>
    <property name="os.arch" value="amd64"/>
    <property name="surefire.real.class.path" value="/home/philipp/workspace/space-based-computing/spacebsp1_alt/target/surefire/surefirebooter5712997478284590150.jar"/>
    <property name="java.io.tmpdir" value="/tmp"/>
    <property name="line.separator" value="
"/>
    <property name="java.vm.specification.vendor" value="Sun Microsystems Inc."/>
    <property name="os.name" value="Linux"/>
    <property name="sun.jnu.encoding" value="UTF-8"/>
    <property name="java.library.path" value="/usr/lib/jvm/java-1.6.0-openjdk-1.6.0.0.x86_64/jre/lib/amd64/server:/usr/lib/jvm/java-1.6.0-openjdk-1.6.0.0.x86_64/jre/lib/amd64:/usr/lib/jvm/java-1.6.0-openjdk-1.6.0.0.x86_64/jre/../lib/amd64:/usr/java/packages/lib/amd64:/usr/lib64:/lib64:/lib:/usr/lib"/>
    <property name="surefire.test.class.path" value="/home/philipp/workspace/space-based-computing/spacebsp1_alt/target/test-classes:/home/philipp/workspace/space-based-computing/spacebsp1_alt/target/classes:/home/philipp/.m2/repository/junit/junit/3.8.1/junit-3.8.1.jar:/home/philipp/.m2/repository/org/mozartspaces/mozartspaces-runtime/2.1-SNAPSHOT/mozartspaces-runtime-2.1-SNAPSHOT.jar:/home/philipp/.m2/repository/org/mozartspaces/mozartspaces-core-common/2.1-SNAPSHOT/mozartspaces-core-common-2.1-SNAPSHOT.jar:/home/philipp/.m2/repository/org/mozartspaces/mozartspaces-capi3-api/2.1-SNAPSHOT/mozartspaces-capi3-api-2.1-SNAPSHOT.jar:/home/philipp/.m2/repository/org/mozartspaces/mozartspaces-capi3-javanative/2.1-SNAPSHOT/mozartspaces-capi3-javanative-2.1-SNAPSHOT.jar:/home/philipp/.m2/repository/org/mozartspaces/mozartspaces-core-api/2.1-SNAPSHOT/mozartspaces-core-api-2.1-SNAPSHOT.jar:/home/philipp/.m2/repository/commons-configuration/commons-configuration/1.6/commons-configuration-1.6.jar:/home/philipp/.m2/repository/commons-collections/commons-collections/3.2.1/commons-collections-3.2.1.jar:/home/philipp/.m2/repository/commons-lang/commons-lang/2.4/commons-lang-2.4.jar:/home/philipp/.m2/repository/commons-logging/commons-logging/1.1.1/commons-logging-1.1.1.jar:/home/philipp/.m2/repository/commons-digester/commons-digester/1.8/commons-digester-1.8.jar:/home/philipp/.m2/repository/commons-beanutils/commons-beanutils/1.7.0/commons-beanutils-1.7.0.jar:/home/philipp/.m2/repository/commons-beanutils/commons-beanutils-core/1.8.0/commons-beanutils-core-1.8.0.jar:/home/philipp/.m2/repository/org/slf4j/slf4j-api/1.6.2/slf4j-api-1.6.2.jar:/home/philipp/.m2/repository/net/jcip/jcip-annotations/1.0/jcip-annotations-1.0.jar:/home/philipp/.m2/repository/ch/qos/logback/logback-classic/0.9.29/logback-classic-0.9.29.jar:/home/philipp/.m2/repository/ch/qos/logback/logback-core/0.9.29/logback-core-0.9.29.jar:"/>
    <property name="java.specification.name" value="Java Platform API Specification"/>
    <property name="java.class.version" value="50.0"/>
    <property name="sun.management.compiler" value="HotSpot 64-Bit Tiered Compilers"/>
    <property name="os.version" value="3.1.2-1.fc16.x86_64"/>
    <property name="user.home" value="/home/philipp"/>
    <property name="user.timezone" value=""/>
    <property name="java.awt.printerjob" value="sun.print.PSPrinterJob"/>
    <property name="file.encoding" value="UTF-8"/>
    <property name="java.specification.version" value="1.6"/>
    <property name="user.name" value="philipp"/>
    <property name="java.class.path" value="/home/philipp/workspace/space-based-computing/spacebsp1_alt/target/test-classes:/home/philipp/workspace/space-based-computing/spacebsp1_alt/target/classes:/home/philipp/.m2/repository/junit/junit/3.8.1/junit-3.8.1.jar:/home/philipp/.m2/repository/org/mozartspaces/mozartspaces-runtime/2.1-SNAPSHOT/mozartspaces-runtime-2.1-SNAPSHOT.jar:/home/philipp/.m2/repository/org/mozartspaces/mozartspaces-core-common/2.1-SNAPSHOT/mozartspaces-core-common-2.1-SNAPSHOT.jar:/home/philipp/.m2/repository/org/mozartspaces/mozartspaces-capi3-api/2.1-SNAPSHOT/mozartspaces-capi3-api-2.1-SNAPSHOT.jar:/home/philipp/.m2/repository/org/mozartspaces/mozartspaces-capi3-javanative/2.1-SNAPSHOT/mozartspaces-capi3-javanative-2.1-SNAPSHOT.jar:/home/philipp/.m2/repository/org/mozartspaces/mozartspaces-core-api/2.1-SNAPSHOT/mozartspaces-core-api-2.1-SNAPSHOT.jar:/home/philipp/.m2/repository/commons-configuration/commons-configuration/1.6/commons-configuration-1.6.jar:/home/philipp/.m2/repository/commons-collections/commons-collections/3.2.1/commons-collections-3.2.1.jar:/home/philipp/.m2/repository/commons-lang/commons-lang/2.4/commons-lang-2.4.jar:/home/philipp/.m2/repository/commons-logging/commons-logging/1.1.1/commons-logging-1.1.1.jar:/home/philipp/.m2/repository/commons-digester/commons-digester/1.8/commons-digester-1.8.jar:/home/philipp/.m2/repository/commons-beanutils/commons-beanutils/1.7.0/commons-beanutils-1.7.0.jar:/home/philipp/.m2/repository/commons-beanutils/commons-beanutils-core/1.8.0/commons-beanutils-core-1.8.0.jar:/home/philipp/.m2/repository/org/slf4j/slf4j-api/1.6.2/slf4j-api-1.6.2.jar:/home/philipp/.m2/repository/net/jcip/jcip-annotations/1.0/jcip-annotations-1.0.jar:/home/philipp/.m2/repository/ch/qos/logback/logback-classic/0.9.29/logback-classic-0.9.29.jar:/home/philipp/.m2/repository/ch/qos/logback/logback-core/0.9.29/logback-core-0.9.29.jar:"/>
    <property name="java.vm.specification.version" value="1.0"/>
    <property name="sun.arch.data.model" value="64"/>
    <property name="java.home" value="/usr/lib/jvm/java-1.6.0-openjdk-1.6.0.0.x86_64/jre"/>
    <property name="sun.java.command" value="/home/philipp/workspace/space-based-computing/spacebsp1_alt/target/surefire/surefirebooter5712997478284590150.jar /home/philipp/workspace/space-based-computing/spacebsp1_alt/target/surefire/surefire6551709602344832144tmp /home/philipp/workspace/space-based-computing/spacebsp1_alt/target/surefire/surefire1565157310294001906tmp"/>
    <property name="java.specification.vendor" value="Sun Microsystems Inc."/>
    <property name="user.language" value="en"/>
    <property name="java.vm.info" value="mixed mode"/>
    <property name="java.version" value="1.6.0_22"/>
    <property name="java.ext.dirs" value="/usr/lib/jvm/java-1.6.0-openjdk-1.6.0.0.x86_64/jre/lib/ext:/usr/java/packages/lib/ext"/>
    <property name="sun.boot.class.path" value="/usr/lib/jvm/java-1.6.0-openjdk-1.6.0.0.x86_64/jre/lib/resources.jar:/usr/lib/jvm/java-1.6.0-openjdk-1.6.0.0.x86_64/jre/lib/rt.jar:/usr/lib/jvm/java-1.6.0-openjdk-1.6.0.0.x86_64/jre/lib/sunrsasign.jar:/usr/lib/jvm/java-1.6.0-openjdk-1.6.0.0.x86_64/jre/lib/jsse.jar:/usr/lib/jvm/java-1.6.0-openjdk-1.6.0.0.x86_64/jre/lib/jce.jar:/usr/lib/jvm/java-1.6.0-openjdk-1.6.0.0.x86_64/jre/lib/charsets.jar:/usr/lib/jvm/java-1.6.0-openjdk-1.6.0.0.x86_64/jre/lib/netx.jar:/usr/lib/jvm/java-1.6.0-openjdk-1.6.0.0.x86_64/jre/lib/plugin.jar:/usr/lib/jvm/java-1.6.0-openjdk-1.6.0.0.x86_64/jre/lib/rhino.jar:/usr/lib/jvm/java-1.6.0-openjdk-1.6.0.0.x86_64/jre/lib/modules/jdk.boot.jar:/usr/lib/jvm/java-1.6.0-openjdk-1.6.0.0.x86_64/jre/classes"/>
    <property name="java.vendor" value="Sun Microsystems Inc."/>
    <property name="localRepository" value="/home/philipp/.m2/repository"/>
    <property name="file.separator" value="/"/>
    <property name="java.vendor.url.bug" value="http://java.sun.com/cgi-bin/bugreport.cgi"/>
    <property name="sun.cpu.endian" value="little"/>
    <property name="sun.io.unicode.encoding" value="UnicodeLittle"/>
    <property name="sun.desktop" value="gnome"/>
    <property name="sun.cpu.isalist" value=""/>
  </properties>
  <testcase time="0.001" classname="tu.spacebased.bsp1.AppTest" name="testApp"/>
</testsuite>