<?xml version="1.0" encoding="UTF-8" ?>
<testsuite failures="0" time="0.047" errors="0" skipped="0" tests="1" name="tu.spacebased.bsp1.AppTest">
  <properties>
    <property name="java.runtime.name" value="Java(TM) SE Runtime Environment"/>
    <property name="sun.boot.library.path" value="c:\Program Files\Java\jdk1.6.0_21\jre\bin"/>
    <property name="java.vm.version" value="17.0-b17"/>
    <property name="java.vm.vendor" value="Sun Microsystems Inc."/>
    <property name="java.vendor.url" value="http://java.sun.com/"/>
    <property name="path.separator" value=";"/>
    <property name="java.vm.name" value="Java HotSpot(TM) 64-Bit Server VM"/>
    <property name="file.encoding.pkg" value="sun.io"/>
    <property name="user.country" value="DE"/>
    <property name="sun.java.launcher" value="SUN_STANDARD"/>
    <property name="sun.os.patch.level" value="Service Pack 1"/>
    <property name="java.vm.specification.name" value="Java Virtual Machine Specification"/>
    <property name="user.dir" value="c:\Users\Kung\Desktop\TU WIEN\MASTER\Space Based Computing\eclipse\spacebsp1_alt"/>
    <property name="java.runtime.version" value="1.6.0_21-b07"/>
    <property name="java.awt.graphicsenv" value="sun.awt.Win32GraphicsEnvironment"/>
    <property name="basedir" value="c:\Users\Kung\Desktop\TU WIEN\MASTER\Space Based Computing\eclipse\spacebsp1_alt"/>
    <property name="java.endorsed.dirs" value="c:\Program Files\Java\jdk1.6.0_21\jre\lib\endorsed"/>
    <property name="os.arch" value="amd64"/>
    <property name="surefire.real.class.path" value="c:\Users\Kung\Desktop\TU WIEN\MASTER\Space Based Computing\eclipse\spacebsp1_alt\target\surefire\surefirebooter6604096049589559933.jar"/>
    <property name="java.io.tmpdir" value="C:\Users\Kung\AppData\Local\Temp\"/>
    <property name="line.separator" value="
"/>
    <property name="java.vm.specification.vendor" value="Sun Microsystems Inc."/>
    <property name="user.variant" value=""/>
    <property name="os.name" value="Windows 7"/>
    <property name="sun.jnu.encoding" value="Cp1252"/>
    <property name="java.library.path" value="c:\Program Files\Java\jdk1.6.0_21\jre\bin;.;C:\Windows\Sun\Java\bin;C:\Windows\system32;C:\Windows;c:\Users\Kung\bin;.;C:\Program Files (x86)\Git\local\bin;C:\Program Files (x86)\Git\mingw\bin;C:\Program Files (x86)\Git\bin;c:\Program Files\Common Files\Microsoft Shared\Windows Live;c:\Program Files (x86)\Common Files\Microsoft Shared\Windows Live;c:\Program Files (x86)\MiKTeX 2.9\miktex\bin;c:\Program Files (x86)\PC Connectivity Solution\;c:\Windows\system32;c:\Windows;c:\Windows\System32\Wbem;c:\Windows\System32\WindowsPowerShell\v1.0\;c:\Program Files (x86)\ATI Technologies\ATI.ACE\Core-Static;c:\Program Files\TortoiseSVN\bin;c:\Users\Kung\Desktop\TU WIEN\AdvancedSE\android-sdk_r07-windows\android-sdk-windows\tools;c:\Program Files (x86)\Windows Live\Shared;%JAVA_HOME%\bin;c:\Users\Kung\Desktop\Eclipse Workspace\apache-ant-1.8.1-bin\ant1.8.1\bin;c:\xampp\php;c:\xampp\php\PEAR;&quot;C;C:\Program Files (x86)\Git\Users\Kung\Desktop\Eclipse Workspace\InformatikPraktikum2\cakephp\lib\Cake\Console&quot;;c:\xampp\php\ext;c:\Program Files\Java\jdk1.6.0_21\bin;c:\Users\Kung\Desktop\TU WIEN\MASTER\Advanced Internet Computing\apache-maven-3.0.3-bin\apache-maven-3.0.3\bin;c:\Program Files (x86)\Microsoft SQL Server\100\Tools\Binn\;c:\Program Files\Microsoft SQL Server\100\Tools\Binn\;c:\Program Files\Microsoft SQL Server\100\DTS\Binn\"/>
    <property name="surefire.test.class.path" value="c:\Users\Kung\Desktop\TU WIEN\MASTER\Space Based Computing\eclipse\spacebsp1_alt\target\test-classes;c:\Users\Kung\Desktop\TU WIEN\MASTER\Space Based Computing\eclipse\spacebsp1_alt\target\classes;C:\Users\Kung\.m2\repository\junit\junit\3.8.1\junit-3.8.1.jar;C:\Users\Kung\.m2\repository\org\mozartspaces\mozartspaces-runtime\2.1-SNAPSHOT\mozartspaces-runtime-2.1-SNAPSHOT.jar;C:\Users\Kung\.m2\repository\org\mozartspaces\mozartspaces-core-common\2.1-SNAPSHOT\mozartspaces-core-common-2.1-SNAPSHOT.jar;C:\Users\Kung\.m2\repository\org\mozartspaces\mozartspaces-capi3-api\2.1-SNAPSHOT\mozartspaces-capi3-api-2.1-SNAPSHOT.jar;C:\Users\Kung\.m2\repository\org\mozartspaces\mozartspaces-capi3-javanative\2.1-SNAPSHOT\mozartspaces-capi3-javanative-2.1-SNAPSHOT.jar;C:\Users\Kung\.m2\repository\org\mozartspaces\mozartspaces-core-api\2.1-SNAPSHOT\mozartspaces-core-api-2.1-SNAPSHOT.jar;C:\Users\Kung\.m2\repository\commons-configuration\commons-configuration\1.6\commons-configuration-1.6.jar;C:\Users\Kung\.m2\repository\commons-collections\commons-collections\3.2.1\commons-collections-3.2.1.jar;C:\Users\Kung\.m2\repository\commons-lang\commons-lang\2.4\commons-lang-2.4.jar;C:\Users\Kung\.m2\repository\commons-logging\commons-logging\1.1.1\commons-logging-1.1.1.jar;C:\Users\Kung\.m2\repository\commons-digester\commons-digester\1.8\commons-digester-1.8.jar;C:\Users\Kung\.m2\repository\commons-beanutils\commons-beanutils\1.7.0\commons-beanutils-1.7.0.jar;C:\Users\Kung\.m2\repository\commons-beanutils\commons-beanutils-core\1.8.0\commons-beanutils-core-1.8.0.jar;C:\Users\Kung\.m2\repository\org\slf4j\slf4j-api\1.6.2\slf4j-api-1.6.2.jar;C:\Users\Kung\.m2\repository\net\jcip\jcip-annotations\1.0\jcip-annotations-1.0.jar;C:\Users\Kung\.m2\repository\ch\qos\logback\logback-classic\0.9.29\logback-classic-0.9.29.jar;C:\Users\Kung\.m2\repository\ch\qos\logback\logback-core\0.9.29\logback-core-0.9.29.jar;"/>
    <property name="java.specification.name" value="Java Platform API Specification"/>
    <property name="java.class.version" value="50.0"/>
    <property name="sun.management.compiler" value="HotSpot 64-Bit Server Compiler"/>
    <property name="os.version" value="6.1"/>
    <property name="user.home" value="C:\Users\Kung"/>
    <property name="user.timezone" value=""/>
    <property name="java.awt.printerjob" value="sun.awt.windows.WPrinterJob"/>
    <property name="java.specification.version" value="1.6"/>
    <property name="file.encoding" value="Cp1252"/>
    <property name="user.name" value="Kung"/>
    <property name="java.class.path" value="c:\Users\Kung\Desktop\TU WIEN\MASTER\Space Based Computing\eclipse\spacebsp1_alt\target\test-classes;c:\Users\Kung\Desktop\TU WIEN\MASTER\Space Based Computing\eclipse\spacebsp1_alt\target\classes;C:\Users\Kung\.m2\repository\junit\junit\3.8.1\junit-3.8.1.jar;C:\Users\Kung\.m2\repository\org\mozartspaces\mozartspaces-runtime\2.1-SNAPSHOT\mozartspaces-runtime-2.1-SNAPSHOT.jar;C:\Users\Kung\.m2\repository\org\mozartspaces\mozartspaces-core-common\2.1-SNAPSHOT\mozartspaces-core-common-2.1-SNAPSHOT.jar;C:\Users\Kung\.m2\repository\org\mozartspaces\mozartspaces-capi3-api\2.1-SNAPSHOT\mozartspaces-capi3-api-2.1-SNAPSHOT.jar;C:\Users\Kung\.m2\repository\org\mozartspaces\mozartspaces-capi3-javanative\2.1-SNAPSHOT\mozartspaces-capi3-javanative-2.1-SNAPSHOT.jar;C:\Users\Kung\.m2\repository\org\mozartspaces\mozartspaces-core-api\2.1-SNAPSHOT\mozartspaces-core-api-2.1-SNAPSHOT.jar;C:\Users\Kung\.m2\repository\commons-configuration\commons-configuration\1.6\commons-configuration-1.6.jar;C:\Users\Kung\.m2\repository\commons-collections\commons-collections\3.2.1\commons-collections-3.2.1.jar;C:\Users\Kung\.m2\repository\commons-lang\commons-lang\2.4\commons-lang-2.4.jar;C:\Users\Kung\.m2\repository\commons-logging\commons-logging\1.1.1\commons-logging-1.1.1.jar;C:\Users\Kung\.m2\repository\commons-digester\commons-digester\1.8\commons-digester-1.8.jar;C:\Users\Kung\.m2\repository\commons-beanutils\commons-beanutils\1.7.0\commons-beanutils-1.7.0.jar;C:\Users\Kung\.m2\repository\commons-beanutils\commons-beanutils-core\1.8.0\commons-beanutils-core-1.8.0.jar;C:\Users\Kung\.m2\repository\org\slf4j\slf4j-api\1.6.2\slf4j-api-1.6.2.jar;C:\Users\Kung\.m2\repository\net\jcip\jcip-annotations\1.0\jcip-annotations-1.0.jar;C:\Users\Kung\.m2\repository\ch\qos\logback\logback-classic\0.9.29\logback-classic-0.9.29.jar;C:\Users\Kung\.m2\repository\ch\qos\logback\logback-core\0.9.29\logback-core-0.9.29.jar;"/>
    <property name="java.vm.specification.version" value="1.0"/>
    <property name="sun.arch.data.model" value="64"/>
    <property name="java.home" value="c:\Program Files\Java\jdk1.6.0_21\jre"/>
    <property name="java.specification.vendor" value="Sun Microsystems Inc."/>
    <property name="user.language" value="de"/>
    <property name="awt.toolkit" value="sun.awt.windows.WToolkit"/>
    <property name="java.vm.info" value="mixed mode"/>
    <property name="java.version" value="1.6.0_21"/>
    <property name="java.ext.dirs" value="c:\Program Files\Java\jdk1.6.0_21\jre\lib\ext;C:\Windows\Sun\Java\lib\ext"/>
    <property name="sun.boot.class.path" value="c:\Program Files\Java\jdk1.6.0_21\jre\lib\resources.jar;c:\Program Files\Java\jdk1.6.0_21\jre\lib\rt.jar;c:\Program Files\Java\jdk1.6.0_21\jre\lib\sunrsasign.jar;c:\Program Files\Java\jdk1.6.0_21\jre\lib\jsse.jar;c:\Program Files\Java\jdk1.6.0_21\jre\lib\jce.jar;c:\Program Files\Java\jdk1.6.0_21\jre\lib\charsets.jar;c:\Program Files\Java\jdk1.6.0_21\jre\classes"/>
    <property name="java.vendor" value="Sun Microsystems Inc."/>
    <property name="localRepository" value="C:\Users\Kung\.m2\repository"/>
    <property name="file.separator" value="\"/>
    <property name="java.vendor.url.bug" value="http://java.sun.com/cgi-bin/bugreport.cgi"/>
    <property name="sun.cpu.endian" value="little"/>
    <property name="sun.io.unicode.encoding" value="UnicodeLittle"/>
    <property name="sun.desktop" value="windows"/>
    <property name="sun.cpu.isalist" value="amd64"/>
  </properties>
  <testcase time="0" classname="tu.spacebased.bsp1.AppTest" name="testApp"/>
</testsuite>